[debug] [2024-10-28T18:22:28.563Z] ----------------------------------------------------------------------
[debug] [2024-10-28T18:22:28.565Z] Command:       C:\Program Files\nodejs\node.exe C:\Users\Pc\AppData\Roaming\npm\node_modules\firebase-tools\lib\bin\firebase.js init
[debug] [2024-10-28T18:22:28.566Z] CLI Version:   13.23.0
[debug] [2024-10-28T18:22:28.566Z] Platform:      win32
[debug] [2024-10-28T18:22:28.566Z] Node Version:  v20.15.1
[debug] [2024-10-28T18:22:28.566Z] Time:          Mon Oct 28 2024 21:22:28 GMT+0300 (GMT+03:00)
[debug] [2024-10-28T18:22:28.566Z] ----------------------------------------------------------------------
[debug] 
[debug] [2024-10-28T18:22:28.570Z] > command requires scopes: ["email","openid","https://www.googleapis.com/auth/cloudplatformprojects.readonly","https://www.googleapis.com/auth/firebase","https://www.googleapis.com/auth/cloud-platform"]
[debug] [2024-10-28T18:22:28.570Z] > authorizing via signed-in user (albaraazain66@gmail.com)
[info] 
     ######## #### ########  ######## ########     ###     ######  ########
     ##        ##  ##     ## ##       ##     ##  ##   ##  ##       ##
     ######    ##  ########  ######   ########  #########  ######  ######
     ##        ##  ##    ##  ##       ##     ## ##     ##       ## ##
     ##       #### ##     ## ######## ########  ##     ##  ######  ########

You're about to initialize a Firebase project in this directory:

  C:\Projects\Trying\energy-dataset-grad-project

Before we get started, keep in mind:

  * You are currently outside your home directory

